2019-02-12 16:53:04,968 INFO  [Log4j] **************************************************************************************** 
2019-02-12 16:53:04,968 INFO  [Log4j] ***********************BEGIN -----TEST-------CASE ******************************** 
2019-02-12 16:53:04,968 INFO  [Log4j] Test Case ID:------------->    Reuse_Login    
2019-02-12 16:53:04,968 INFO  [Log4j] Action Keyword:----------->    Navigate  
2019-02-12 16:53:04,968 INFO  [Log4j] WebElement:----------->        
2019-02-12 16:53:04,968 INFO  [Log4j] Input Data:--------------->    URL  
2019-02-12 16:53:04,983 INFO  [Log4j] Navigate is called 
2019-02-12 16:53:07,998 INFO  [Log4j] **************************************************************************************** 
2019-02-12 16:53:07,998 INFO  [Log4j] ***********************BEGIN -----TEST-------CASE ******************************** 
2019-02-12 16:53:07,998 INFO  [Log4j] Test Case ID:------------->    Reuse_Login    
2019-02-12 16:53:07,998 INFO  [Log4j] Action Keyword:----------->    InputText  
2019-02-12 16:53:07,998 INFO  [Log4j] WebElement:----------->    login.username    
2019-02-12 16:53:07,998 INFO  [Log4j] Input Data:--------------->    Username  
2019-02-12 16:53:07,998 INFO  [Log4j] Enter text into ... login.username 
2019-02-12 16:53:09,655 INFO  [Log4j] **************************************************************************************** 
2019-02-12 16:53:09,655 INFO  [Log4j] ***********************BEGIN -----TEST-------CASE ******************************** 
2019-02-12 16:53:09,655 INFO  [Log4j] Test Case ID:------------->    Reuse_Login    
2019-02-12 16:53:09,655 INFO  [Log4j] Action Keyword:----------->    InputText  
2019-02-12 16:53:09,655 INFO  [Log4j] WebElement:----------->    login.password    
2019-02-12 16:53:09,655 INFO  [Log4j] Input Data:--------------->    Password  
2019-02-12 16:53:09,655 INFO  [Log4j] Enter text into ... login.password 
2019-02-12 16:53:11,311 INFO  [Log4j] **************************************************************************************** 
2019-02-12 16:53:11,311 INFO  [Log4j] ***********************BEGIN -----TEST-------CASE ******************************** 
2019-02-12 16:53:11,311 INFO  [Log4j] Test Case ID:------------->    Reuse_Login    
2019-02-12 16:53:11,311 INFO  [Log4j] Action Keyword:----------->    Click  
2019-02-12 16:53:11,311 INFO  [Log4j] WebElement:----------->    login.btn    
2019-02-12 16:53:11,311 INFO  [Log4j] Input Data:--------------->      
2019-02-12 16:53:11,325 INFO  [Log4j] Click is called ... login.btn 
2019-02-12 16:53:12,287 INFO  [Log4j] End of Test Case ID:------>    Reuse_Login    
2019-02-12 16:53:12,287 INFO  [Log4j] *************************END---------TEST--------CASE****************************** 
2019-02-12 16:53:12,287 INFO  [Log4j] **************************************************************************************** 
2019-02-12 16:53:12,287 INFO  [Log4j] 																						  
2019-02-12 16:53:12,287 INFO  [Log4j] 																						  
2019-02-12 16:53:12,287 INFO  [Log4j] 																						  
2019-02-12 17:24:16,634 INFO  [Log4j] **************************************************************************************** 
2019-02-12 17:24:16,634 INFO  [Log4j] ***********************BEGIN -----TEST-------CASE ******************************** 
2019-02-12 17:24:16,634 INFO  [Log4j] Test Case ID:------------->    Reuse_Login    
2019-02-12 17:24:16,634 INFO  [Log4j] Action Keyword:----------->    Navigate  
2019-02-12 17:24:16,634 INFO  [Log4j] WebElement:----------->        
2019-02-12 17:24:16,634 INFO  [Log4j] Input Data:--------------->    URL  
2019-02-12 17:24:16,650 INFO  [Log4j] Navigate is called 
2019-02-12 17:24:20,014 INFO  [Log4j] **************************************************************************************** 
2019-02-12 17:24:20,014 INFO  [Log4j] ***********************BEGIN -----TEST-------CASE ******************************** 
2019-02-12 17:24:20,014 INFO  [Log4j] Test Case ID:------------->    Reuse_Login    
2019-02-12 17:24:20,014 INFO  [Log4j] Action Keyword:----------->    InputText  
2019-02-12 17:24:20,014 INFO  [Log4j] WebElement:----------->    login.username    
2019-02-12 17:24:20,014 INFO  [Log4j] Input Data:--------------->    Username  
2019-02-12 17:24:20,014 INFO  [Log4j] Enter text into ... login.username 
2019-02-12 17:24:22,753 INFO  [Log4j] **************************************************************************************** 
2019-02-12 17:24:22,753 INFO  [Log4j] ***********************BEGIN -----TEST-------CASE ******************************** 
2019-02-12 17:24:22,753 INFO  [Log4j] Test Case ID:------------->    Reuse_Login    
2019-02-12 17:24:22,753 INFO  [Log4j] Action Keyword:----------->    InputText  
2019-02-12 17:24:22,753 INFO  [Log4j] WebElement:----------->    login.password    
2019-02-12 17:24:22,753 INFO  [Log4j] Input Data:--------------->    Password  
2019-02-12 17:24:22,753 INFO  [Log4j] Enter text into ... login.password 
2019-02-12 17:24:24,668 INFO  [Log4j] **************************************************************************************** 
2019-02-12 17:24:24,668 INFO  [Log4j] ***********************BEGIN -----TEST-------CASE ******************************** 
2019-02-12 17:24:24,668 INFO  [Log4j] Test Case ID:------------->    Reuse_Login    
2019-02-12 17:24:24,668 INFO  [Log4j] Action Keyword:----------->    Click  
2019-02-12 17:24:24,668 INFO  [Log4j] WebElement:----------->    login.btn    
2019-02-12 17:24:24,668 INFO  [Log4j] Input Data:--------------->      
2019-02-12 17:24:24,681 INFO  [Log4j] Click is called ... login.btn 
2019-02-12 17:24:25,934 INFO  [Log4j] End of Test Case ID:------>    Reuse_Login    
2019-02-12 17:24:25,934 INFO  [Log4j] *************************END---------TEST--------CASE****************************** 
2019-02-12 17:24:25,934 INFO  [Log4j] **************************************************************************************** 
2019-02-12 17:24:25,934 INFO  [Log4j] 																						  
2019-02-12 17:24:25,934 INFO  [Log4j] 																						  
2019-02-12 17:24:25,934 INFO  [Log4j] 																						  
2019-02-12 17:26:08,676 INFO  [Log4j] **************************************************************************************** 
2019-02-12 17:26:08,676 INFO  [Log4j] ***********************BEGIN -----TEST-------CASE ******************************** 
2019-02-12 17:26:08,676 INFO  [Log4j] Test Case ID:------------->    Reuse_Login    
2019-02-12 17:26:08,676 INFO  [Log4j] Action Keyword:----------->    Navigate  
2019-02-12 17:26:08,676 INFO  [Log4j] WebElement:----------->        
2019-02-12 17:26:08,676 INFO  [Log4j] Input Data:--------------->    URL  
2019-02-12 17:26:08,692 INFO  [Log4j] Navigate is called 
2019-02-12 17:26:12,170 INFO  [Log4j] **************************************************************************************** 
2019-02-12 17:26:12,170 INFO  [Log4j] ***********************BEGIN -----TEST-------CASE ******************************** 
2019-02-12 17:26:12,170 INFO  [Log4j] Test Case ID:------------->    Reuse_Login    
2019-02-12 17:26:12,170 INFO  [Log4j] Action Keyword:----------->    InputText  
2019-02-12 17:26:12,170 INFO  [Log4j] WebElement:----------->    login.username    
2019-02-12 17:26:12,170 INFO  [Log4j] Input Data:--------------->    Username  
2019-02-12 17:26:12,170 INFO  [Log4j] Enter text into ... login.username 
2019-02-12 17:26:13,957 INFO  [Log4j] **************************************************************************************** 
2019-02-12 17:26:13,957 INFO  [Log4j] ***********************BEGIN -----TEST-------CASE ******************************** 
2019-02-12 17:26:13,957 INFO  [Log4j] Test Case ID:------------->    Reuse_Login    
2019-02-12 17:26:13,957 INFO  [Log4j] Action Keyword:----------->    InputText  
2019-02-12 17:26:13,957 INFO  [Log4j] WebElement:----------->    login.password    
2019-02-12 17:26:13,957 INFO  [Log4j] Input Data:--------------->    Password  
2019-02-12 17:26:13,957 INFO  [Log4j] Enter text into ... login.password 
2019-02-12 17:26:15,482 INFO  [Log4j] **************************************************************************************** 
2019-02-12 17:26:15,482 INFO  [Log4j] ***********************BEGIN -----TEST-------CASE ******************************** 
2019-02-12 17:26:15,482 INFO  [Log4j] Test Case ID:------------->    Reuse_Login    
2019-02-12 17:26:15,482 INFO  [Log4j] Action Keyword:----------->    Click  
2019-02-12 17:26:15,482 INFO  [Log4j] WebElement:----------->    login.btn    
2019-02-12 17:26:15,482 INFO  [Log4j] Input Data:--------------->      
2019-02-12 17:26:15,496 INFO  [Log4j] Click is called ... login.btn 
2019-02-12 17:26:16,639 INFO  [Log4j] End of Test Case ID:------>    Reuse_Login    
2019-02-12 17:26:16,639 INFO  [Log4j] *************************END---------TEST--------CASE****************************** 
2019-02-12 17:26:16,639 INFO  [Log4j] **************************************************************************************** 
2019-02-12 17:26:16,639 INFO  [Log4j] 																						  
2019-02-12 17:26:16,639 INFO  [Log4j] 																						  
2019-02-12 17:26:16,639 INFO  [Log4j] 																						  
2019-02-12 17:26:16,651 INFO  [Log4j] **************************************************************************************** 
2019-02-12 17:26:16,652 INFO  [Log4j] ***********************BEGIN -----TEST-------CASE ******************************** 
2019-02-12 17:26:16,652 INFO  [Log4j] Test Case ID:------------->    BookAppointment    
2019-02-12 17:26:16,652 INFO  [Log4j] Action Keyword:----------->    waitFor  
2019-02-12 17:26:16,652 INFO  [Log4j] WebElement:----------->        
2019-02-12 17:26:16,652 INFO  [Log4j] Input Data:--------------->      
2019-02-12 17:26:26,655 INFO  [Log4j] **************************************************************************************** 
2019-02-12 17:26:26,655 INFO  [Log4j] ***********************BEGIN -----TEST-------CASE ******************************** 
2019-02-12 17:26:26,655 INFO  [Log4j] Test Case ID:------------->    BookAppointment    
2019-02-12 17:26:26,655 INFO  [Log4j] Action Keyword:----------->    InputText  
2019-02-12 17:26:26,655 INFO  [Log4j] WebElement:----------->    comment.en    
2019-02-12 17:26:26,655 INFO  [Log4j] Input Data:--------------->    Enter comment  
2019-02-12 17:26:26,655 INFO  [Log4j] Enter text into ... comment.en 
2019-02-12 17:26:27,733 INFO  [Log4j] **************************************************************************************** 
2019-02-12 17:26:27,733 INFO  [Log4j] ***********************BEGIN -----TEST-------CASE ******************************** 
2019-02-12 17:26:27,733 INFO  [Log4j] Test Case ID:------------->    BookAppointment    
2019-02-12 17:26:27,733 INFO  [Log4j] Action Keyword:----------->    selectDropDownByVisibleText  
2019-02-12 17:26:27,733 INFO  [Log4j] WebElement:----------->    bookappselfacility    
2019-02-12 17:26:27,733 INFO  [Log4j] Input Data:--------------->    Hongkong CURA Healthcare Center  
2019-02-12 17:26:29,389 INFO  [Log4j] **************************************************************************************** 
2019-02-12 17:26:29,405 INFO  [Log4j] ***********************BEGIN -----TEST-------CASE ******************************** 
2019-02-12 17:26:29,405 INFO  [Log4j] Test Case ID:------------->    BookAppointment    
2019-02-12 17:26:29,405 INFO  [Log4j] Action Keyword:----------->    Click  
2019-02-12 17:26:29,405 INFO  [Log4j] WebElement:----------->    bookapp.click    
2019-02-12 17:26:29,405 INFO  [Log4j] Input Data:--------------->      
2019-02-12 17:26:29,405 INFO  [Log4j] Click is called ... bookapp.click 
2019-02-12 17:26:30,733 INFO  [Log4j] **************************************************************************************** 
2019-02-12 17:26:30,733 INFO  [Log4j] ***********************BEGIN -----TEST-------CASE ******************************** 
2019-02-12 17:26:30,733 INFO  [Log4j] Test Case ID:------------->    BookAppointment    
2019-02-12 17:26:30,733 INFO  [Log4j] Action Keyword:----------->    Click  
2019-02-12 17:26:30,733 INFO  [Log4j] WebElement:----------->    bookapplogoutmenu    
2019-02-12 17:26:30,733 INFO  [Log4j] Input Data:--------------->      
2019-02-12 17:26:30,741 INFO  [Log4j] Click is called ... bookapplogoutmenu 
2019-02-12 17:26:31,781 INFO  [Log4j] **************************************************************************************** 
2019-02-12 17:26:31,781 INFO  [Log4j] ***********************BEGIN -----TEST-------CASE ******************************** 
2019-02-12 17:26:31,781 INFO  [Log4j] Test Case ID:------------->    BookAppointment    
2019-02-12 17:26:31,781 INFO  [Log4j] Action Keyword:----------->    Click  
2019-02-12 17:26:31,781 INFO  [Log4j] WebElement:----------->    bookapplogout    
2019-02-12 17:26:31,781 INFO  [Log4j] Input Data:--------------->      
2019-02-12 17:26:31,781 INFO  [Log4j] Click is called ... bookapplogout 
2019-02-12 17:28:31,712 INFO  [Log4j] **************************************************************************************** 
2019-02-12 17:28:31,712 INFO  [Log4j] ***********************BEGIN -----TEST-------CASE ******************************** 
2019-02-12 17:28:31,712 INFO  [Log4j] Test Case ID:------------->    Reuse_Login    
2019-02-12 17:28:31,712 INFO  [Log4j] Action Keyword:----------->    Navigate  
2019-02-12 17:28:31,712 INFO  [Log4j] WebElement:----------->        
2019-02-12 17:28:31,712 INFO  [Log4j] Input Data:--------------->    URL  
2019-02-12 17:28:31,728 INFO  [Log4j] Navigate is called 
2019-02-12 17:28:34,471 INFO  [Log4j] **************************************************************************************** 
2019-02-12 17:28:34,471 INFO  [Log4j] ***********************BEGIN -----TEST-------CASE ******************************** 
2019-02-12 17:28:34,471 INFO  [Log4j] Test Case ID:------------->    Reuse_Login    
2019-02-12 17:28:34,471 INFO  [Log4j] Action Keyword:----------->    InputText  
2019-02-12 17:28:34,471 INFO  [Log4j] WebElement:----------->    login.username    
2019-02-12 17:28:34,471 INFO  [Log4j] Input Data:--------------->    Username  
2019-02-12 17:28:34,471 INFO  [Log4j] Enter text into ... login.username 
2019-02-12 17:28:36,003 INFO  [Log4j] **************************************************************************************** 
2019-02-12 17:28:36,003 INFO  [Log4j] ***********************BEGIN -----TEST-------CASE ******************************** 
2019-02-12 17:28:36,003 INFO  [Log4j] Test Case ID:------------->    Reuse_Login    
2019-02-12 17:28:36,003 INFO  [Log4j] Action Keyword:----------->    InputText  
2019-02-12 17:28:36,003 INFO  [Log4j] WebElement:----------->    login.password    
2019-02-12 17:28:36,003 INFO  [Log4j] Input Data:--------------->    Password  
2019-02-12 17:28:36,003 INFO  [Log4j] Enter text into ... login.password 
2019-02-12 17:28:37,757 INFO  [Log4j] **************************************************************************************** 
2019-02-12 17:28:37,757 INFO  [Log4j] ***********************BEGIN -----TEST-------CASE ******************************** 
2019-02-12 17:28:37,757 INFO  [Log4j] Test Case ID:------------->    Reuse_Login    
2019-02-12 17:28:37,757 INFO  [Log4j] Action Keyword:----------->    Click  
2019-02-12 17:28:37,757 INFO  [Log4j] WebElement:----------->    login.btn    
2019-02-12 17:28:37,757 INFO  [Log4j] Input Data:--------------->      
2019-02-12 17:28:37,764 INFO  [Log4j] Click is called ... login.btn 
2019-02-12 17:28:38,704 INFO  [Log4j] End of Test Case ID:------>    Reuse_Login    
2019-02-12 17:28:38,704 INFO  [Log4j] *************************END---------TEST--------CASE****************************** 
2019-02-12 17:28:38,704 INFO  [Log4j] **************************************************************************************** 
2019-02-12 17:28:38,704 INFO  [Log4j] 																						  
2019-02-12 17:28:38,704 INFO  [Log4j] 																						  
2019-02-12 17:28:38,704 INFO  [Log4j] 																						  
2019-02-12 17:28:38,704 INFO  [Log4j] **************************************************************************************** 
2019-02-12 17:28:38,704 INFO  [Log4j] ***********************BEGIN -----TEST-------CASE ******************************** 
2019-02-12 17:28:38,704 INFO  [Log4j] Test Case ID:------------->    BookAppointment    
2019-02-12 17:28:38,704 INFO  [Log4j] Action Keyword:----------->    waitFor  
2019-02-12 17:28:38,704 INFO  [Log4j] WebElement:----------->        
2019-02-12 17:28:38,704 INFO  [Log4j] Input Data:--------------->      
2019-02-12 17:28:48,706 INFO  [Log4j] **************************************************************************************** 
2019-02-12 17:28:48,706 INFO  [Log4j] ***********************BEGIN -----TEST-------CASE ******************************** 
2019-02-12 17:28:48,706 INFO  [Log4j] Test Case ID:------------->    BookAppointment    
2019-02-12 17:28:48,706 INFO  [Log4j] Action Keyword:----------->    InputText  
2019-02-12 17:28:48,706 INFO  [Log4j] WebElement:----------->    comment.en    
2019-02-12 17:28:48,706 INFO  [Log4j] Input Data:--------------->    Enter comment  
2019-02-12 17:28:48,706 INFO  [Log4j] Enter text into ... comment.en 
2019-02-12 17:28:49,899 INFO  [Log4j] **************************************************************************************** 
2019-02-12 17:28:49,899 INFO  [Log4j] ***********************BEGIN -----TEST-------CASE ******************************** 
2019-02-12 17:28:49,899 INFO  [Log4j] Test Case ID:------------->    BookAppointment    
2019-02-12 17:28:49,899 INFO  [Log4j] Action Keyword:----------->    selectDropDownByVisibleText  
2019-02-12 17:28:49,899 INFO  [Log4j] WebElement:----------->    bookappselfacility    
2019-02-12 17:28:49,899 INFO  [Log4j] Input Data:--------------->    Hongkong CURA Healthcare Center  
2019-02-12 17:28:51,456 INFO  [Log4j] **************************************************************************************** 
2019-02-12 17:28:51,456 INFO  [Log4j] ***********************BEGIN -----TEST-------CASE ******************************** 
2019-02-12 17:28:51,456 INFO  [Log4j] Test Case ID:------------->    BookAppointment    
2019-02-12 17:28:51,456 INFO  [Log4j] Action Keyword:----------->    Click  
2019-02-12 17:28:51,456 INFO  [Log4j] WebElement:----------->    bookapp.click    
2019-02-12 17:28:51,456 INFO  [Log4j] Input Data:--------------->      
2019-02-12 17:28:51,456 INFO  [Log4j] Click is called ... bookapp.click 
2019-02-12 17:28:52,816 INFO  [Log4j] **************************************************************************************** 
2019-02-12 17:28:52,816 INFO  [Log4j] ***********************BEGIN -----TEST-------CASE ******************************** 
2019-02-12 17:28:52,816 INFO  [Log4j] Test Case ID:------------->    BookAppointment    
2019-02-12 17:28:52,816 INFO  [Log4j] Action Keyword:----------->    Click  
2019-02-12 17:28:52,816 INFO  [Log4j] WebElement:----------->    bookapplogoutmenu    
2019-02-12 17:28:52,816 INFO  [Log4j] Input Data:--------------->      
2019-02-12 17:28:52,816 INFO  [Log4j] Click is called ... bookapplogoutmenu 
2019-02-12 17:28:53,856 INFO  [Log4j] **************************************************************************************** 
2019-02-12 17:28:53,856 INFO  [Log4j] ***********************BEGIN -----TEST-------CASE ******************************** 
2019-02-12 17:28:53,856 INFO  [Log4j] Test Case ID:------------->    BookAppointment    
2019-02-12 17:28:53,856 INFO  [Log4j] Action Keyword:----------->    Click  
2019-02-12 17:28:53,856 INFO  [Log4j] WebElement:----------->    bookapplogout    
2019-02-12 17:28:53,856 INFO  [Log4j] Input Data:--------------->      
2019-02-12 17:28:53,856 INFO  [Log4j] Click is called ... bookapplogout 
2019-02-12 17:32:34,880 INFO  [Log4j] **************************************************************************************** 
2019-02-12 17:32:34,880 INFO  [Log4j] ***********************BEGIN -----TEST-------CASE ******************************** 
2019-02-12 17:32:34,880 INFO  [Log4j] Test Case ID:------------->    Reuse_Login    
2019-02-12 17:32:34,880 INFO  [Log4j] Action Keyword:----------->    Navigate  
2019-02-12 17:32:34,880 INFO  [Log4j] WebElement:----------->        
2019-02-12 17:32:34,880 INFO  [Log4j] Input Data:--------------->    URL  
2019-02-12 17:32:34,896 INFO  [Log4j] Navigate is called 
2019-02-12 17:32:38,176 INFO  [Log4j] **************************************************************************************** 
2019-02-12 17:32:38,176 INFO  [Log4j] ***********************BEGIN -----TEST-------CASE ******************************** 
2019-02-12 17:32:38,176 INFO  [Log4j] Test Case ID:------------->    Reuse_Login    
2019-02-12 17:32:38,176 INFO  [Log4j] Action Keyword:----------->    InputText  
2019-02-12 17:32:38,176 INFO  [Log4j] WebElement:----------->    login.username    
2019-02-12 17:32:38,176 INFO  [Log4j] Input Data:--------------->    Username  
2019-02-12 17:32:38,192 INFO  [Log4j] Enter text into ... login.username 
2019-02-12 17:32:40,382 INFO  [Log4j] **************************************************************************************** 
2019-02-12 17:32:40,382 INFO  [Log4j] ***********************BEGIN -----TEST-------CASE ******************************** 
2019-02-12 17:32:40,382 INFO  [Log4j] Test Case ID:------------->    Reuse_Login    
2019-02-12 17:32:40,382 INFO  [Log4j] Action Keyword:----------->    InputText  
2019-02-12 17:32:40,382 INFO  [Log4j] WebElement:----------->    login.password    
2019-02-12 17:32:40,382 INFO  [Log4j] Input Data:--------------->    Password  
2019-02-12 17:32:40,382 INFO  [Log4j] Enter text into ... login.password 
2019-02-12 17:32:42,479 INFO  [Log4j] **************************************************************************************** 
2019-02-12 17:32:42,479 INFO  [Log4j] ***********************BEGIN -----TEST-------CASE ******************************** 
2019-02-12 17:32:42,479 INFO  [Log4j] Test Case ID:------------->    Reuse_Login    
2019-02-12 17:32:42,479 INFO  [Log4j] Action Keyword:----------->    Click  
2019-02-12 17:32:42,479 INFO  [Log4j] WebElement:----------->    login.btn    
2019-02-12 17:32:42,479 INFO  [Log4j] Input Data:--------------->      
2019-02-12 17:32:42,491 INFO  [Log4j] Click is called ... login.btn 
2019-02-12 17:32:43,818 INFO  [Log4j] End of Test Case ID:------>    Reuse_Login    
2019-02-12 17:32:43,818 INFO  [Log4j] *************************END---------TEST--------CASE****************************** 
2019-02-12 17:32:43,818 INFO  [Log4j] **************************************************************************************** 
2019-02-12 17:32:43,818 INFO  [Log4j] 																						  
2019-02-12 17:32:43,818 INFO  [Log4j] 																						  
2019-02-12 17:32:43,818 INFO  [Log4j] 																						  
2019-02-12 17:32:43,818 INFO  [Log4j] **************************************************************************************** 
2019-02-12 17:32:43,818 INFO  [Log4j] ***********************BEGIN -----TEST-------CASE ******************************** 
2019-02-12 17:32:43,818 INFO  [Log4j] Test Case ID:------------->    BookAppointment    
2019-02-12 17:32:43,818 INFO  [Log4j] Action Keyword:----------->    waitFor  
2019-02-12 17:32:43,818 INFO  [Log4j] WebElement:----------->        
2019-02-12 17:32:43,832 INFO  [Log4j] Input Data:--------------->      
2019-02-12 17:32:53,840 INFO  [Log4j] **************************************************************************************** 
2019-02-12 17:32:53,840 INFO  [Log4j] ***********************BEGIN -----TEST-------CASE ******************************** 
2019-02-12 17:32:53,840 INFO  [Log4j] Test Case ID:------------->    BookAppointment    
2019-02-12 17:32:53,840 INFO  [Log4j] Action Keyword:----------->    InputText  
2019-02-12 17:32:53,840 INFO  [Log4j] WebElement:----------->    comment.en    
2019-02-12 17:32:53,840 INFO  [Log4j] Input Data:--------------->    Enter comment  
2019-02-12 17:32:53,840 INFO  [Log4j] Enter text into ... comment.en 
2019-02-12 17:32:55,197 INFO  [Log4j] **************************************************************************************** 
2019-02-12 17:32:55,197 INFO  [Log4j] ***********************BEGIN -----TEST-------CASE ******************************** 
2019-02-12 17:32:55,197 INFO  [Log4j] Test Case ID:------------->    BookAppointment    
2019-02-12 17:32:55,197 INFO  [Log4j] Action Keyword:----------->    selectDropDownByVisibleText  
2019-02-12 17:32:55,197 INFO  [Log4j] WebElement:----------->    bookappselfacility    
2019-02-12 17:32:55,197 INFO  [Log4j] Input Data:--------------->    Hongkong CURA Healthcare Center  
2019-02-12 17:32:57,371 INFO  [Log4j] **************************************************************************************** 
2019-02-12 17:32:57,371 INFO  [Log4j] ***********************BEGIN -----TEST-------CASE ******************************** 
2019-02-12 17:32:57,371 INFO  [Log4j] Test Case ID:------------->    BookAppointment    
2019-02-12 17:32:57,371 INFO  [Log4j] Action Keyword:----------->    Click  
2019-02-12 17:32:57,371 INFO  [Log4j] WebElement:----------->    bookapp.click    
2019-02-12 17:32:57,371 INFO  [Log4j] Input Data:--------------->      
2019-02-12 17:32:57,371 INFO  [Log4j] Click is called ... bookapp.click 
2019-02-12 17:32:59,735 INFO  [Log4j] **************************************************************************************** 
2019-02-12 17:32:59,735 INFO  [Log4j] ***********************BEGIN -----TEST-------CASE ******************************** 
2019-02-12 17:32:59,735 INFO  [Log4j] Test Case ID:------------->    BookAppointment    
2019-02-12 17:32:59,735 INFO  [Log4j] Action Keyword:----------->    Click  
2019-02-12 17:32:59,735 INFO  [Log4j] WebElement:----------->    bookapplogoutmenu    
2019-02-12 17:32:59,735 INFO  [Log4j] Input Data:--------------->      
2019-02-12 17:32:59,735 INFO  [Log4j] Click is called ... bookapplogoutmenu 
2019-02-12 17:33:00,917 INFO  [Log4j] **************************************************************************************** 
2019-02-12 17:33:00,917 INFO  [Log4j] ***********************BEGIN -----TEST-------CASE ******************************** 
2019-02-12 17:33:00,917 INFO  [Log4j] Test Case ID:------------->    BookAppointment    
2019-02-12 17:33:00,917 INFO  [Log4j] Action Keyword:----------->    Click  
2019-02-12 17:33:00,917 INFO  [Log4j] WebElement:----------->    bookapplogout    
2019-02-12 17:33:00,917 INFO  [Log4j] Input Data:--------------->      
2019-02-12 17:33:00,917 INFO  [Log4j] Click is called ... bookapplogout 
2019-02-12 17:33:03,382 INFO  [Log4j] **************************************************************************************** 
2019-02-12 17:33:03,382 INFO  [Log4j] ***********************BEGIN -----TEST-------CASE ******************************** 
2019-02-12 17:33:03,382 INFO  [Log4j] Test Case ID:------------->    Reuse_Login    
2019-02-12 17:33:03,382 INFO  [Log4j] Action Keyword:----------->    Navigate  
2019-02-12 17:33:03,382 INFO  [Log4j] WebElement:----------->        
2019-02-12 17:33:03,382 INFO  [Log4j] Input Data:--------------->    URL  
2019-02-12 17:33:03,382 INFO  [Log4j] Navigate is called 
2019-02-12 17:33:04,303 INFO  [Log4j] **************************************************************************************** 
2019-02-12 17:33:04,303 INFO  [Log4j] ***********************BEGIN -----TEST-------CASE ******************************** 
2019-02-12 17:33:04,303 INFO  [Log4j] Test Case ID:------------->    Reuse_Login    
2019-02-12 17:33:04,303 INFO  [Log4j] Action Keyword:----------->    InputText  
2019-02-12 17:33:04,303 INFO  [Log4j] WebElement:----------->    login.username    
2019-02-12 17:33:04,303 INFO  [Log4j] Input Data:--------------->    Username  
2019-02-12 17:33:04,303 INFO  [Log4j] Enter text into ... login.username 
2019-02-12 17:33:05,652 INFO  [Log4j] **************************************************************************************** 
2019-02-12 17:33:05,652 INFO  [Log4j] ***********************BEGIN -----TEST-------CASE ******************************** 
2019-02-12 17:33:05,652 INFO  [Log4j] Test Case ID:------------->    Reuse_Login    
2019-02-12 17:33:05,652 INFO  [Log4j] Action Keyword:----------->    InputText  
2019-02-12 17:33:05,652 INFO  [Log4j] WebElement:----------->    login.password    
2019-02-12 17:33:05,652 INFO  [Log4j] Input Data:--------------->    Password  
2019-02-12 17:33:05,652 INFO  [Log4j] Enter text into ... login.password 
2019-02-12 17:33:07,323 INFO  [Log4j] **************************************************************************************** 
2019-02-12 17:33:07,323 INFO  [Log4j] ***********************BEGIN -----TEST-------CASE ******************************** 
2019-02-12 17:33:07,323 INFO  [Log4j] Test Case ID:------------->    Reuse_Login    
2019-02-12 17:33:07,323 INFO  [Log4j] Action Keyword:----------->    Click  
2019-02-12 17:33:07,323 INFO  [Log4j] WebElement:----------->    login.btn    
2019-02-12 17:33:07,323 INFO  [Log4j] Input Data:--------------->      
2019-02-12 17:33:07,323 INFO  [Log4j] Click is called ... login.btn 
2019-02-12 17:33:08,434 INFO  [Log4j] End of Test Case ID:------>    Reuse_Login    
2019-02-12 17:33:08,434 INFO  [Log4j] *************************END---------TEST--------CASE****************************** 
2019-02-12 17:33:08,434 INFO  [Log4j] **************************************************************************************** 
2019-02-12 17:33:08,434 INFO  [Log4j] 																						  
2019-02-12 17:33:08,434 INFO  [Log4j] 																						  
2019-02-12 17:33:08,434 INFO  [Log4j] 																						  
